<?xml version="1.0" encoding="UTF-8"?>
<!-- Generated by org.testng.reporters.JUnitReportReporter -->
<testsuite hostname="DESKTOP-1J6Q2U8" failures="0" tests="3" name="Testcase4" time="0.004" errors="0" timestamp="2025-05-21T17:06:30 IST" skipped="0">
  <testcase classname="Testcase4" name="Test1000" time="0.001"/>
  <system-out/>
  <testcase classname="Testcase4" name="Test1500" time="0.001"/>
  <system-out/>
  <testcase classname="Testcase4" name="Test1200" time="0.002"/>
  <system-out/>
</testsuite> <!-- Testcase4 -->
