<?xml version="1.0" encoding="UTF-8"?>
<!-- Generated by org.testng.reporters.JUnitReportReporter -->
<testsuite hostname="DESKTOP-1J6Q2U8" failures="0" tests="3" name="Testcase1" time="0.010" errors="0" timestamp="2025-05-21T17:48:08 IST" skipped="0">
  <testcase classname="Testcase1" name="Test200" time="0.002"/>
  <system-out/>
  <testcase classname="Testcase1" name="Test100" time="0.006"/>
  <system-out/>
  <testcase classname="Testcase1" name="Test300" time="0.002"/>
  <system-out/>
</testsuite> <!-- Testcase1 -->
