<?xml version="1.0" encoding="UTF-8"?>
<!-- Generated by org.testng.reporters.JUnitReportReporter -->
<testsuite hostname="DESKTOP-1J6Q2U8" failures="0" tests="3" name="Testcase2" time="0.005" errors="0" timestamp="2025-05-21T17:48:08 IST" skipped="0">
  <testcase classname="Testcase2" name="Test500" time="0.002"/>
  <system-out/>
  <testcase classname="Testcase2" name="Test600" time="0.001"/>
  <system-out/>
  <testcase classname="Testcase2" name="Test400" time="0.002"/>
  <system-out/>
</testsuite> <!-- Testcase2 -->
